<?xml version="1.0" encoding="UTF-8"?>
<!-- Generated by org.testng.reporters.JUnitReportReporter -->
<testsuite skipped="0" hostname="Apples-MacBook-Pro.local" name="apiTest.AssurityAPI.APITest" tests="1" failures="0" timestamp="2019-02-24T18:06:25 NZDT" time="1.251" errors="0">
  <testcase name="apiTestAssurity" time="1.251" classname="apiTest.AssurityAPI.APITest"/>
</testsuite> <!-- apiTest.AssurityAPI.APITest -->
